<?xml version="1.0" encoding="UTF-8"?>
<testsuite xmlns:xsi="http://www.w3.org/2001/XMLSchema-instance" xsi:noNamespaceSchemaLocation="https://maven.apache.org/surefire/maven-surefire-plugin/xsd/surefire-test-report-3.0.xsd" version="3.0" name="ViewModel.SalaryCalculatorTest" time="0.495" tests="17" errors="0" skipped="0" failures="0">
  <properties>
[...]
</properties>
  <testcase name="testGetDeduction" classname="ViewModel.SalaryCalculatorTest" time="0.049"/>
  <testcase name="testCalculateNetPay" classname="ViewModel.SalaryCalculatorTest" time="0.035"/>
  <testcase name="testCalculateDeductions" classname="ViewModel.SalaryCalculatorTest" time="0.034"/>
  <testcase name="testCalculationsWithZeroSalary" classname="ViewModel.SalaryCalculatorTest" time="0.031"/>
  <testcase name="testCalculateAllowancesWithDifferentFormats" classname="ViewModel.SalaryCalculatorTest" time="0.027"/>
  <testcase name="testGetAllDeductions" classname="ViewModel.SalaryCalculatorTest" time="0.027"/>
  <testcase name="testGetIncentive" classname="ViewModel.SalaryCalculatorTest" time="0.026"/>
  <testcase name="testGetters" classname="ViewModel.SalaryCalculatorTest" time="0.02"/>
  <testcase name="testCalculateAllowances" classname="ViewModel.SalaryCalculatorTest" time="0.036"/>
  <testcase name="testCalculateIncentives" classname="ViewModel.SalaryCalculatorTest" time="0.032"/>
  <testcase name="testCalculateAllowancesWithNullValues" classname="ViewModel.SalaryCalculatorTest" time="0.026"/>
  <testcase name="testGetAllIncentives" classname="ViewModel.SalaryCalculatorTest" time="0.032">
    <system-out><![CDATA[Available incentive keys:
WARNING: Incentives map is empty - check if employee has overtime data
]]></system-out>
  </testcase>
  <testcase name="testPerformAllCalculations" classname="ViewModel.SalaryCalculatorTest" time="0.024"/>
  <testcase name="testResetCalculations" classname="ViewModel.SalaryCalculatorTest" time="0.022"/>
  <testcase name="testGetFormattedDeduction" classname="ViewModel.SalaryCalculatorTest" time="0.019"/>
  <testcase name="testCalculationOrderIndependence" classname="ViewModel.SalaryCalculatorTest" time="0.031"/>
  <testcase name="testCalculateGrossPay" classname="ViewModel.SalaryCalculatorTest" time="0.019"/>
</testsuite>